<?xml version="1.0" encoding="UTF-8"?>
<testsuite xmlns:xsi="http://www.w3.org/2001/XMLSchema-instance" xsi:noNamespaceSchemaLocation="https://maven.apache.org/surefire/maven-surefire-plugin/xsd/surefire-test-report.xsd" version="3.0.1" name="runners.TestRunner" time="7.936" tests="1" errors="0" skipped="0" failures="0">
  <properties>
[...]
</properties>
  <testcase name="runScenario[&quot;Successful login with valid credentials&quot;, &quot;Login functionality&quot;](1)" classname="runners.TestRunner" time="6.338">
    <system-out><![CDATA[
Scenario: Successful login with valid credentials                           &amp#27;[90m# src/test/resources/features/loginPage.feature:6&amp#27;[0m
  &amp#27;[32mGiven &amp#27;[0m&amp#27;[32muser navigate to the &amp#27;[0m&amp#27;[32m&amp#27;[1m"https://www.mycontactform.com/"&amp#27;[0m               &amp#27;[90m# stepdefinitions.LoginPageSteps.user_navigate_to_the(java.lang.String)&amp#27;[0m
  &amp#27;[32mWhen &amp#27;[0m&amp#27;[32muser enters valid username &amp#27;[0m&amp#27;[32m&amp#27;[1m"qatrainer"&amp#27;[0m&amp#27;[32m and valid password &amp#27;[0m&amp#27;[32m&amp#27;[1m"admin123"&amp#27;[0m &amp#27;[90m# stepdefinitions.LoginPageSteps.user_enters_valid_username_and_valid_password(java.lang.String,java.lang.String)&amp#27;[0m
  &amp#27;[32mAnd &amp#27;[0m&amp#27;[32mclicks on the Login button&amp#27;[0m                                            &amp#27;[90m# stepdefinitions.LoginPageSteps.clicks_on_the_login_button()&amp#27;[0m
  &amp#27;[32mThen &amp#27;[0m&amp#27;[32muser should be navigated to the Home Page&amp#27;[0m                            &amp#27;[90m# stepdefinitions.LoginPageSteps.user_should_be_navigated_to_the_home_page()&amp#27;[0m
Welcome qatrainer
  &amp#27;[32mThen &amp#27;[0m&amp#27;[32muser see the welcome message as &amp#27;[0m&amp#27;[32m&amp#27;[1m"Welcome qatrainer"&amp#27;[0m                  &amp#27;[90m# stepdefinitions.LoginPageSteps.user_see_the_welcome_message_as(java.lang.String)&amp#27;[0m
  &amp#27;[32mWhen &amp#27;[0m&amp#27;[32muser clicks on signout link under login page&amp#27;[0m                         &amp#27;[90m# stepdefinitions.LoginPageSteps.user_clicks_on_signout_link_under_login_page()&amp#27;[0m
  &amp#27;[32mThen &amp#27;[0m&amp#27;[32muser should navigate to the home page&amp#27;[0m                                &amp#27;[90m# stepdefinitions.LoginPageSteps.user_should_navigate_to_the_home_page()&amp#27;[0m
]]></system-out>
    <system-err><![CDATA[SLF4J: Failed to load class "org.slf4j.impl.StaticLoggerBinder".
SLF4J: Defaulting to no-operation (NOP) logger implementation
SLF4J: See http://www.slf4j.org/codes.html#StaticLoggerBinder for further details.
Aug 23, 2025 3:56:29 PM org.openqa.selenium.devtools.CdpVersionFinder findNearestMatch
WARNING: Unable to find an exact match for CDP version 139, returning the closest version; found: 138; Please update to a Selenium version that supports CDP version 139
]]></system-err>
  </testcase>
</testsuite>