<?xml version="1.0" encoding="UTF-8"?>
<testng-results ignored="0" total="0" passed="0" failed="0" skipped="0">
  <reporter-output>
  </reporter-output>
  <suite started-at="2025-08-23T16:01:57 IST" name="CucumberSuite" finished-at="2025-08-23T16:01:57 IST" duration-ms="113">
    <groups>
      <group name="cucumber">
        <method signature="AbstractTestNGCucumberTests.runScenario(io.cucumber.testng.PickleWrapper,io.cucumber.testng.FeatureWrapper)[pri:0, instance:runners.TestRunner@31e5415e]" name="runScenario" class="io.cucumber.testng.AbstractTestNGCucumberTests"/>
      </group> <!-- cucumber -->
    </groups>
    <test started-at="2025-08-23T16:01:57 IST" name="BDD Tests" finished-at="2025-08-23T16:01:57 IST" duration-ms="113">
      <class name="runners.TestRunner">
        <test-method is-config="true" signature="setUpClass(org.testng.ITestContext)[pri:0, instance:runners.TestRunner@31e5415e]" started-at="2025-08-23T16:01:57 IST" name="setUpClass" finished-at="2025-08-23T16:01:57 IST" duration-ms="61" status="FAIL">
          <params>
            <param index="0">
              <value>
                <![CDATA[org.testng.TestRunner@404ef70b]]>
              </value>
            </param>
          </params>
          <exception class="java.lang.IllegalAccessError">
            <message>
              <![CDATA[class io.cucumber.testng.TestNGCucumberRunner tried to access method 'io.cucumber.core.eventbus.UuidGenerator io.cucumber.core.runtime.UuidGeneratorServiceLoader.loadUuidGenerator()' (io.cucumber.testng.TestNGCucumberRunner and io.cucumber.core.runtime.UuidGeneratorServiceLoader are in unnamed module of loader 'app')]]>
            </message>
            <full-stacktrace>
              <![CDATA[java.lang.IllegalAccessError: class io.cucumber.testng.TestNGCucumberRunner tried to access method 'io.cucumber.core.eventbus.UuidGenerator io.cucumber.core.runtime.UuidGeneratorServiceLoader.loadUuidGenerator()' (io.cucumber.testng.TestNGCucumberRunner and io.cucumber.core.runtime.UuidGeneratorServiceLoader are in unnamed module of loader 'app')
at io.cucumber.testng.TestNGCucumberRunner.<init>(TestNGCucumberRunner.java:105)
at io.cucumber.testng.AbstractTestNGCucumberTests.setUpClass(AbstractTestNGCucumberTests.java:27)
at java.base/jdk.internal.reflect.NativeMethodAccessorImpl.invoke0(Native Method)
at java.base/jdk.internal.reflect.NativeMethodAccessorImpl.invoke(NativeMethodAccessorImpl.java:77)
at java.base/jdk.internal.reflect.DelegatingMethodAccessorImpl.invoke(DelegatingMethodAccessorImpl.java:43)
at java.base/java.lang.reflect.Method.invoke(Method.java:568)
at org.testng.internal.invokers.MethodInvocationHelper.invokeMethod(MethodInvocationHelper.java:141)
at org.testng.internal.invokers.MethodInvocationHelper.invokeMethodConsideringTimeout(MethodInvocationHelper.java:71)
at org.testng.internal.invokers.ConfigInvoker.invokeConfigurationMethod(ConfigInvoker.java:400)
at org.testng.internal.invokers.ConfigInvoker.invokeConfigurations(ConfigInvoker.java:333)
at org.testng.internal.invokers.TestMethodWorker.invokeBeforeClassMethods(TestMethodWorker.java:188)
at org.testng.internal.invokers.TestMethodWorker.run(TestMethodWorker.java:128)
at java.base/java.util.ArrayList.forEach(ArrayList.java:1511)
at org.testng.TestRunner.privateRun(TestRunner.java:739)
at org.testng.TestRunner.run(TestRunner.java:614)
at org.testng.SuiteRunner.runTest(SuiteRunner.java:421)
at org.testng.SuiteRunner$SuiteWorker.run(SuiteRunner.java:463)
at org.testng.internal.thread.ThreadUtil.lambda$execute$0(ThreadUtil.java:64)
at java.base/java.util.concurrent.FutureTask.run(FutureTask.java:264)
at java.base/java.util.concurrent.ThreadPoolExecutor.runWorker(ThreadPoolExecutor.java:1136)
at java.base/java.util.concurrent.ThreadPoolExecutor$Worker.run(ThreadPoolExecutor.java:635)
at java.base/java.lang.Thread.run(Thread.java:833)
]]>
            </full-stacktrace>
          </exception> <!-- java.lang.IllegalAccessError -->
          <reporter-output>
          </reporter-output>
        </test-method> <!-- setUpClass -->
        <test-method is-config="true" signature="tearDownClass()[pri:0, instance:runners.TestRunner@31e5415e]" started-at="2025-08-23T16:01:57 IST" name="tearDownClass" finished-at="2025-08-23T16:01:57 IST" duration-ms="1" status="PASS">
          <reporter-output>
          </reporter-output>
        </test-method> <!-- tearDownClass -->
      </class> <!-- runners.TestRunner -->
    </test> <!-- BDD Tests -->
  </suite> <!-- CucumberSuite -->
</testng-results>
